{"level":30,"time":"2026-02-05T15:32:26.068Z","logId":176,"config":{"BASE_URL":"http://localhost:3001","CSV_PATH":"users.csv","INTERVAL_MS":60000,"RUN_ONCE":false,"OTP_TIMEOUT_MS":30000,"OTP_POLL_MS":300,"OTP_VERIFY_RETRY":5,"OTP_DEBUG_PATH_PENDING":"/auth/debug/pending-otp","OTP_DEBUG_PATH_REDIS":"/auth/debug/redis-otp","LOG_LEVEL":"debug","LOG_VERBOSE":true,"LOG_HTTP":true},"msg":"WORKER_CONFIG"}
{"level":30,"time":"2026-02-05T15:32:26.068Z","logId":176,"reason":"startup","csvPath":"D:\\React_Native\\Demo\\ResAuto1_register_only\\users.csv","csvExists":true,"csvSize":203,"csvMtimeMs":1770225232748.5918,"msg":"JOB_START"}
{"level":40,"time":"2026-02-05T15:32:26.072Z","logId":176,"row":1,"reason":"invalid_phone_format:invalid_length","msg":"ROW_SKIPPED"}
{"level":40,"time":"2026-02-05T15:32:26.072Z","logId":176,"row":2,"reason":"invalid_phone_format:invalid_length","msg":"ROW_SKIPPED"}
{"level":40,"time":"2026-02-05T15:32:26.072Z","logId":176,"row":3,"reason":"invalid_phone_format:invalid_length","msg":"ROW_SKIPPED"}
{"level":30,"time":"2026-02-05T15:32:26.072Z","logId":176,"success":0,"pending":0,"fail":0,"skipped":3,"msg":"CSV_SUMMARY"}
{"level":30,"time":"2026-02-05T15:32:26.072Z","logId":176,"reg":{"success":0,"pending":0,"fail":0,"skipped":3},"msg":"JOB_DONE"}
{"level":30,"time":"2026-02-05T15:32:26.073Z","csvPath":"D:\\React_Native\\Demo\\ResAuto1_register_only\\users.csv","msg":"CSV_WATCH_START"}
{"level":30,"time":"2026-02-05T15:32:35.270Z","logId":176,"reason":"csv changed","csvPath":"D:\\React_Native\\Demo\\ResAuto1_register_only\\users.csv","csvExists":true,"csvSize":204,"csvMtimeMs":1770305554034.114,"msg":"JOB_START"}
{"level":40,"time":"2026-02-05T15:32:35.271Z","logId":176,"row":1,"reason":"invalid_phone_format:invalid_length","msg":"ROW_SKIPPED"}
{"level":40,"time":"2026-02-05T15:32:35.271Z","logId":176,"row":2,"reason":"invalid_phone_format:invalid_length","msg":"ROW_SKIPPED"}
{"level":40,"time":"2026-02-05T15:32:35.271Z","logId":176,"row":3,"reason":"invalid_phone_format:invalid_length","msg":"ROW_SKIPPED"}
{"level":30,"time":"2026-02-05T15:32:35.271Z","logId":176,"success":0,"pending":0,"fail":0,"skipped":3,"msg":"CSV_SUMMARY"}
{"level":30,"time":"2026-02-05T15:32:35.271Z","logId":176,"reg":{"success":0,"pending":0,"fail":0,"skipped":3},"msg":"JOB_DONE"}
{"level":30,"time":"2026-02-05T15:33:26.094Z","logId":176,"reason":"interval","csvPath":"D:\\React_Native\\Demo\\ResAuto1_register_only\\users.csv","csvExists":true,"csvSize":204,"csvMtimeMs":1770305554034.114,"msg":"JOB_START"}
{"level":40,"time":"2026-02-05T15:33:26.095Z","logId":176,"row":1,"reason":"invalid_phone_format:invalid_length","msg":"ROW_SKIPPED"}
{"level":40,"time":"2026-02-05T15:33:26.095Z","logId":176,"row":2,"reason":"invalid_phone_format:invalid_length","msg":"ROW_SKIPPED"}
{"level":40,"time":"2026-02-05T15:33:26.095Z","logId":176,"row":3,"reason":"invalid_phone_format:invalid_length","msg":"ROW_SKIPPED"}
{"level":30,"time":"2026-02-05T15:33:26.095Z","logId":176,"success":0,"pending":0,"fail":0,"skipped":3,"msg":"CSV_SUMMARY"}
{"level":30,"time":"2026-02-05T15:33:26.095Z","logId":176,"reg":{"success":0,"pending":0,"fail":0,"skipped":3},"msg":"JOB_DONE"}
{"level":30,"time":"2026-02-05T15:34:26.116Z","logId":176,"reason":"interval","csvPath":"D:\\React_Native\\Demo\\ResAuto1_register_only\\users.csv","csvExists":true,"csvSize":204,"csvMtimeMs":1770305554034.114,"msg":"JOB_START"}
{"level":40,"time":"2026-02-05T15:34:26.117Z","logId":176,"row":1,"reason":"invalid_phone_format:invalid_length","msg":"ROW_SKIPPED"}
{"level":40,"time":"2026-02-05T15:34:26.117Z","logId":176,"row":2,"reason":"invalid_phone_format:invalid_length","msg":"ROW_SKIPPED"}
{"level":40,"time":"2026-02-05T15:34:26.117Z","logId":176,"row":3,"reason":"invalid_phone_format:invalid_length","msg":"ROW_SKIPPED"}
{"level":30,"time":"2026-02-05T15:34:26.117Z","logId":176,"success":0,"pending":0,"fail":0,"skipped":3,"msg":"CSV_SUMMARY"}
{"level":30,"time":"2026-02-05T15:34:26.117Z","logId":176,"reg":{"success":0,"pending":0,"fail":0,"skipped":3},"msg":"JOB_DONE"}
{"level":30,"time":"2026-02-05T15:35:26.126Z","logId":176,"reason":"interval","csvPath":"D:\\React_Native\\Demo\\ResAuto1_register_only\\users.csv","csvExists":true,"csvSize":204,"csvMtimeMs":1770305554034.114,"msg":"JOB_START"}
{"level":40,"time":"2026-02-05T15:35:26.127Z","logId":176,"row":1,"reason":"invalid_phone_format:invalid_length","msg":"ROW_SKIPPED"}
{"level":40,"time":"2026-02-05T15:35:26.127Z","logId":176,"row":2,"reason":"invalid_phone_format:invalid_length","msg":"ROW_SKIPPED"}
{"level":40,"time":"2026-02-05T15:35:26.127Z","logId":176,"row":3,"reason":"invalid_phone_format:invalid_length","msg":"ROW_SKIPPED"}
{"level":30,"time":"2026-02-05T15:35:26.127Z","logId":176,"success":0,"pending":0,"fail":0,"skipped":3,"msg":"CSV_SUMMARY"}
{"level":30,"time":"2026-02-05T15:35:26.127Z","logId":176,"reg":{"success":0,"pending":0,"fail":0,"skipped":3},"msg":"JOB_DONE"}
{"level":30,"time":"2026-02-05T15:35:56.793Z","logId":176,"config":{"BASE_URL":"http://localhost:3001","CSV_PATH":"users.csv","INTERVAL_MS":60000,"RUN_ONCE":false,"OTP_TIMEOUT_MS":30000,"OTP_POLL_MS":300,"OTP_VERIFY_RETRY":5,"OTP_DEBUG_PATH_PENDING":"/auth/debug/pending-otp","OTP_DEBUG_PATH_REDIS":"/auth/debug/redis-otp","LOG_LEVEL":"debug","LOG_VERBOSE":true,"LOG_HTTP":true},"msg":"WORKER_CONFIG"}
{"level":30,"time":"2026-02-05T15:35:56.794Z","logId":176,"reason":"startup","csvPath":"D:\\React_Native\\Demo\\ResAuto1_register_only\\users.csv","csvExists":true,"csvSize":204,"csvMtimeMs":1770305554034.114,"msg":"JOB_START"}
{"level":40,"time":"2026-02-05T15:35:56.799Z","logId":176,"row":1,"reason":"invalid_phone_format:invalid_length","msg":"ROW_SKIPPED"}
{"level":40,"time":"2026-02-05T15:35:56.799Z","logId":176,"row":2,"reason":"invalid_phone_format:invalid_length","msg":"ROW_SKIPPED"}
{"level":40,"time":"2026-02-05T15:35:56.799Z","logId":176,"row":3,"reason":"invalid_phone_format:invalid_length","msg":"ROW_SKIPPED"}
{"level":30,"time":"2026-02-05T15:35:56.799Z","logId":176,"success":0,"pending":0,"fail":0,"skipped":3,"msg":"CSV_SUMMARY"}
{"level":30,"time":"2026-02-05T15:35:56.800Z","logId":176,"reg":{"success":0,"pending":0,"fail":0,"skipped":3},"msg":"JOB_DONE"}
{"level":30,"time":"2026-02-05T15:35:56.801Z","csvPath":"D:\\React_Native\\Demo\\ResAuto1_register_only\\users.csv","msg":"CSV_WATCH_START"}
{"level":30,"time":"2026-02-05T15:36:16.218Z","logId":176,"reason":"csv changed","csvPath":"D:\\React_Native\\Demo\\ResAuto1_register_only\\users.csv","csvExists":true,"csvSize":208,"csvMtimeMs":1770305774993.8945,"msg":"JOB_START"}
{"level":40,"time":"2026-02-05T15:36:16.219Z","logId":176,"row":1,"reason":"invalid_phone_format:invalid_length","msg":"ROW_SKIPPED"}
{"level":40,"time":"2026-02-05T15:36:16.219Z","logId":176,"row":2,"reason":"invalid_phone_format:invalid_length","msg":"ROW_SKIPPED"}
{"level":40,"time":"2026-02-05T15:36:16.219Z","logId":176,"row":3,"reason":"invalid_phone_format:invalid_length","msg":"ROW_SKIPPED"}
{"level":30,"time":"2026-02-05T15:36:16.219Z","logId":176,"success":0,"pending":0,"fail":0,"skipped":3,"msg":"CSV_SUMMARY"}
{"level":30,"time":"2026-02-05T15:36:16.219Z","logId":176,"reg":{"success":0,"pending":0,"fail":0,"skipped":3},"msg":"JOB_DONE"}
{"level":30,"time":"2026-02-05T15:36:27.435Z","logId":176,"reason":"csv changed","csvPath":"D:\\React_Native\\Demo\\ResAuto1_register_only\\users.csv","csvExists":true,"csvSize":202,"csvMtimeMs":1770305786205.187,"msg":"JOB_START"}
{"level":20,"time":"2026-02-05T15:36:27.532Z","logId":176,"row":1,"phone":"0979541999","timeoutMs":30000,"pollMs":300,"msg":"OTP_POLL_LOOP_BEGIN"}
{"level":20,"time":"2026-02-05T15:36:27.890Z","logId":176,"row":1,"phone":"0979541999","attempts":1,"elapsedMs":357,"source":"redis","httpStatus":200,"pathTried":"/auth/debug/redis-otp","hasOtp":true,"reason":"ok","body":{"isSucceed":true,"message":"OK","data":{"otp":"753629","msg":{"otp":"753629","text":"753629"},"keyUsed":"otp:0979541999"}},"msg":"OTP_POLL_TICK"}
{"level":30,"time":"2026-02-05T15:36:27.890Z","logId":176,"row":1,"phone":"0979541999","attempts":1,"elapsedMs":358,"source":"redis","httpStatus":200,"pathTried":"/auth/debug/redis-otp","msg":"OTP_POLL_GOT_OTP"}
{"level":30,"time":"2026-02-05T15:36:28.038Z","logId":176,"row":1,"phone":"0979541999","msg":"REGISTER_OK"}
{"level":40,"time":"2026-02-05T15:36:28.038Z","logId":176,"row":2,"reason":"invalid_phone_format:invalid_length","msg":"ROW_SKIPPED"}
{"level":40,"time":"2026-02-05T15:36:28.038Z","logId":176,"row":3,"reason":"invalid_phone_format:invalid_length","msg":"ROW_SKIPPED"}
{"level":30,"time":"2026-02-05T15:36:28.038Z","logId":176,"success":1,"pending":0,"fail":0,"skipped":2,"msg":"CSV_SUMMARY"}
{"level":30,"time":"2026-02-05T15:36:28.038Z","logId":176,"reg":{"success":1,"pending":0,"fail":0,"skipped":2},"msg":"JOB_DONE"}
{"level":30,"time":"2026-02-05T15:36:41.265Z","logId":176,"reason":"csv changed","csvPath":"D:\\React_Native\\Demo\\ResAuto1_register_only\\users.csv","csvExists":true,"csvSize":208,"csvMtimeMs":1770305800038.26,"msg":"JOB_START"}
{"level":40,"time":"2026-02-05T15:36:41.265Z","logId":176,"row":1,"reason":"invalid_phone_format:invalid_length","msg":"ROW_SKIPPED"}
{"level":40,"time":"2026-02-05T15:36:41.265Z","logId":176,"row":2,"reason":"invalid_phone_format:invalid_length","msg":"ROW_SKIPPED"}
{"level":40,"time":"2026-02-05T15:36:41.265Z","logId":176,"row":3,"reason":"invalid_phone_format:invalid_length","msg":"ROW_SKIPPED"}
{"level":30,"time":"2026-02-05T15:36:41.265Z","logId":176,"success":0,"pending":0,"fail":0,"skipped":3,"msg":"CSV_SUMMARY"}
{"level":30,"time":"2026-02-05T15:36:41.265Z","logId":176,"reg":{"success":0,"pending":0,"fail":0,"skipped":3},"msg":"JOB_DONE"}
{"level":30,"time":"2026-02-05T15:36:56.818Z","logId":176,"reason":"interval","csvPath":"D:\\React_Native\\Demo\\ResAuto1_register_only\\users.csv","csvExists":true,"csvSize":208,"csvMtimeMs":1770305800038.26,"msg":"JOB_START"}
{"level":40,"time":"2026-02-05T15:36:56.819Z","logId":176,"row":1,"reason":"invalid_phone_format:invalid_length","msg":"ROW_SKIPPED"}
{"level":40,"time":"2026-02-05T15:36:56.819Z","logId":176,"row":2,"reason":"invalid_phone_format:invalid_length","msg":"ROW_SKIPPED"}
{"level":40,"time":"2026-02-05T15:36:56.819Z","logId":176,"row":3,"reason":"invalid_phone_format:invalid_length","msg":"ROW_SKIPPED"}
{"level":30,"time":"2026-02-05T15:36:56.819Z","logId":176,"success":0,"pending":0,"fail":0,"skipped":3,"msg":"CSV_SUMMARY"}
{"level":30,"time":"2026-02-05T15:36:56.819Z","logId":176,"reg":{"success":0,"pending":0,"fail":0,"skipped":3},"msg":"JOB_DONE"}
{"level":30,"time":"2026-02-05T15:37:56.821Z","logId":176,"reason":"interval","csvPath":"D:\\React_Native\\Demo\\ResAuto1_register_only\\users.csv","csvExists":true,"csvSize":208,"csvMtimeMs":1770305800038.26,"msg":"JOB_START"}
{"level":40,"time":"2026-02-05T15:37:56.822Z","logId":176,"row":1,"reason":"invalid_phone_format:invalid_length","msg":"ROW_SKIPPED"}
{"level":40,"time":"2026-02-05T15:37:56.822Z","logId":176,"row":2,"reason":"invalid_phone_format:invalid_length","msg":"ROW_SKIPPED"}
{"level":40,"time":"2026-02-05T15:37:56.822Z","logId":176,"row":3,"reason":"invalid_phone_format:invalid_length","msg":"ROW_SKIPPED"}
{"level":30,"time":"2026-02-05T15:37:56.822Z","logId":176,"success":0,"pending":0,"fail":0,"skipped":3,"msg":"CSV_SUMMARY"}
{"level":30,"time":"2026-02-05T15:37:56.822Z","logId":176,"reg":{"success":0,"pending":0,"fail":0,"skipped":3},"msg":"JOB_DONE"}
{"level":30,"time":"2026-02-05T15:38:56.833Z","logId":176,"reason":"interval","csvPath":"D:\\React_Native\\Demo\\ResAuto1_register_only\\users.csv","csvExists":true,"csvSize":208,"csvMtimeMs":1770305800038.26,"msg":"JOB_START"}
{"level":40,"time":"2026-02-05T15:38:56.833Z","logId":176,"row":1,"reason":"invalid_phone_format:invalid_length","msg":"ROW_SKIPPED"}
{"level":40,"time":"2026-02-05T15:38:56.834Z","logId":176,"row":2,"reason":"invalid_phone_format:invalid_length","msg":"ROW_SKIPPED"}
{"level":40,"time":"2026-02-05T15:38:56.834Z","logId":176,"row":3,"reason":"invalid_phone_format:invalid_length","msg":"ROW_SKIPPED"}
{"level":30,"time":"2026-02-05T15:38:56.834Z","logId":176,"success":0,"pending":0,"fail":0,"skipped":3,"msg":"CSV_SUMMARY"}
{"level":30,"time":"2026-02-05T15:38:56.834Z","logId":176,"reg":{"success":0,"pending":0,"fail":0,"skipped":3},"msg":"JOB_DONE"}
{"level":30,"time":"2026-02-05T15:39:56.837Z","logId":176,"reason":"interval","csvPath":"D:\\React_Native\\Demo\\ResAuto1_register_only\\users.csv","csvExists":true,"csvSize":208,"csvMtimeMs":1770305800038.26,"msg":"JOB_START"}
{"level":40,"time":"2026-02-05T15:39:56.838Z","logId":176,"row":1,"reason":"invalid_phone_format:invalid_length","msg":"ROW_SKIPPED"}
{"level":40,"time":"2026-02-05T15:39:56.838Z","logId":176,"row":2,"reason":"invalid_phone_format:invalid_length","msg":"ROW_SKIPPED"}
{"level":40,"time":"2026-02-05T15:39:56.838Z","logId":176,"row":3,"reason":"invalid_phone_format:invalid_length","msg":"ROW_SKIPPED"}
{"level":30,"time":"2026-02-05T15:39:56.838Z","logId":176,"success":0,"pending":0,"fail":0,"skipped":3,"msg":"CSV_SUMMARY"}
{"level":30,"time":"2026-02-05T15:39:56.838Z","logId":176,"reg":{"success":0,"pending":0,"fail":0,"skipped":3},"msg":"JOB_DONE"}
{"level":30,"time":"2026-02-05T15:40:56.854Z","logId":176,"reason":"interval","csvPath":"D:\\React_Native\\Demo\\ResAuto1_register_only\\users.csv","csvExists":true,"csvSize":208,"csvMtimeMs":1770305800038.26,"msg":"JOB_START"}
{"level":40,"time":"2026-02-05T15:40:56.856Z","logId":176,"row":1,"reason":"invalid_phone_format:invalid_length","msg":"ROW_SKIPPED"}
{"level":40,"time":"2026-02-05T15:40:56.856Z","logId":176,"row":2,"reason":"invalid_phone_format:invalid_length","msg":"ROW_SKIPPED"}
{"level":40,"time":"2026-02-05T15:40:56.856Z","logId":176,"row":3,"reason":"invalid_phone_format:invalid_length","msg":"ROW_SKIPPED"}
{"level":30,"time":"2026-02-05T15:40:56.856Z","logId":176,"success":0,"pending":0,"fail":0,"skipped":3,"msg":"CSV_SUMMARY"}
{"level":30,"time":"2026-02-05T15:40:56.856Z","logId":176,"reg":{"success":0,"pending":0,"fail":0,"skipped":3},"msg":"JOB_DONE"}
{"level":30,"time":"2026-02-05T15:41:56.867Z","logId":176,"reason":"interval","csvPath":"D:\\React_Native\\Demo\\ResAuto1_register_only\\users.csv","csvExists":true,"csvSize":208,"csvMtimeMs":1770305800038.26,"msg":"JOB_START"}
{"level":40,"time":"2026-02-05T15:41:56.868Z","logId":176,"row":1,"reason":"invalid_phone_format:invalid_length","msg":"ROW_SKIPPED"}
{"level":40,"time":"2026-02-05T15:41:56.868Z","logId":176,"row":2,"reason":"invalid_phone_format:invalid_length","msg":"ROW_SKIPPED"}
{"level":40,"time":"2026-02-05T15:41:56.868Z","logId":176,"row":3,"reason":"invalid_phone_format:invalid_length","msg":"ROW_SKIPPED"}
{"level":30,"time":"2026-02-05T15:41:56.868Z","logId":176,"success":0,"pending":0,"fail":0,"skipped":3,"msg":"CSV_SUMMARY"}
{"level":30,"time":"2026-02-05T15:41:56.868Z","logId":176,"reg":{"success":0,"pending":0,"fail":0,"skipped":3},"msg":"JOB_DONE"}
{"level":30,"time":"2026-02-05T15:42:56.867Z","logId":176,"reason":"interval","csvPath":"D:\\React_Native\\Demo\\ResAuto1_register_only\\users.csv","csvExists":true,"csvSize":208,"csvMtimeMs":1770305800038.26,"msg":"JOB_START"}
{"level":40,"time":"2026-02-05T15:42:56.868Z","logId":176,"row":1,"reason":"invalid_phone_format:invalid_length","msg":"ROW_SKIPPED"}
{"level":40,"time":"2026-02-05T15:42:56.868Z","logId":176,"row":2,"reason":"invalid_phone_format:invalid_length","msg":"ROW_SKIPPED"}
{"level":40,"time":"2026-02-05T15:42:56.868Z","logId":176,"row":3,"reason":"invalid_phone_format:invalid_length","msg":"ROW_SKIPPED"}
{"level":30,"time":"2026-02-05T15:42:56.868Z","logId":176,"success":0,"pending":0,"fail":0,"skipped":3,"msg":"CSV_SUMMARY"}
{"level":30,"time":"2026-02-05T15:42:56.868Z","logId":176,"reg":{"success":0,"pending":0,"fail":0,"skipped":3},"msg":"JOB_DONE"}
{"level":30,"time":"2026-02-05T15:43:56.890Z","logId":176,"reason":"interval","csvPath":"D:\\React_Native\\Demo\\ResAuto1_register_only\\users.csv","csvExists":true,"csvSize":208,"csvMtimeMs":1770305800038.26,"msg":"JOB_START"}
{"level":40,"time":"2026-02-05T15:43:56.892Z","logId":176,"row":1,"reason":"invalid_phone_format:invalid_length","msg":"ROW_SKIPPED"}
{"level":40,"time":"2026-02-05T15:43:56.892Z","logId":176,"row":2,"reason":"invalid_phone_format:invalid_length","msg":"ROW_SKIPPED"}
{"level":40,"time":"2026-02-05T15:43:56.892Z","logId":176,"row":3,"reason":"invalid_phone_format:invalid_length","msg":"ROW_SKIPPED"}
{"level":30,"time":"2026-02-05T15:43:56.892Z","logId":176,"success":0,"pending":0,"fail":0,"skipped":3,"msg":"CSV_SUMMARY"}
{"level":30,"time":"2026-02-05T15:43:56.892Z","logId":176,"reg":{"success":0,"pending":0,"fail":0,"skipped":3},"msg":"JOB_DONE"}
{"level":30,"time":"2026-02-05T15:44:56.890Z","logId":176,"reason":"interval","csvPath":"D:\\React_Native\\Demo\\ResAuto1_register_only\\users.csv","csvExists":true,"csvSize":208,"csvMtimeMs":1770305800038.26,"msg":"JOB_START"}
{"level":40,"time":"2026-02-05T15:44:56.891Z","logId":176,"row":1,"reason":"invalid_phone_format:invalid_length","msg":"ROW_SKIPPED"}
{"level":40,"time":"2026-02-05T15:44:56.891Z","logId":176,"row":2,"reason":"invalid_phone_format:invalid_length","msg":"ROW_SKIPPED"}
{"level":40,"time":"2026-02-05T15:44:56.891Z","logId":176,"row":3,"reason":"invalid_phone_format:invalid_length","msg":"ROW_SKIPPED"}
{"level":30,"time":"2026-02-05T15:44:56.891Z","logId":176,"success":0,"pending":0,"fail":0,"skipped":3,"msg":"CSV_SUMMARY"}
{"level":30,"time":"2026-02-05T15:44:56.891Z","logId":176,"reg":{"success":0,"pending":0,"fail":0,"skipped":3},"msg":"JOB_DONE"}
{"level":30,"time":"2026-02-05T15:45:56.897Z","logId":176,"reason":"interval","csvPath":"D:\\React_Native\\Demo\\ResAuto1_register_only\\users.csv","csvExists":true,"csvSize":208,"csvMtimeMs":1770305800038.26,"msg":"JOB_START"}
{"level":40,"time":"2026-02-05T15:45:56.897Z","logId":176,"row":1,"reason":"invalid_phone_format:invalid_length","msg":"ROW_SKIPPED"}
{"level":40,"time":"2026-02-05T15:45:56.897Z","logId":176,"row":2,"reason":"invalid_phone_format:invalid_length","msg":"ROW_SKIPPED"}
{"level":40,"time":"2026-02-05T15:45:56.897Z","logId":176,"row":3,"reason":"invalid_phone_format:invalid_length","msg":"ROW_SKIPPED"}
{"level":30,"time":"2026-02-05T15:45:56.897Z","logId":176,"success":0,"pending":0,"fail":0,"skipped":3,"msg":"CSV_SUMMARY"}
{"level":30,"time":"2026-02-05T15:45:56.897Z","logId":176,"reg":{"success":0,"pending":0,"fail":0,"skipped":3},"msg":"JOB_DONE"}
{"level":30,"time":"2026-02-05T15:46:56.898Z","logId":176,"reason":"interval","csvPath":"D:\\React_Native\\Demo\\ResAuto1_register_only\\users.csv","csvExists":true,"csvSize":208,"csvMtimeMs":1770305800038.26,"msg":"JOB_START"}
{"level":40,"time":"2026-02-05T15:46:56.899Z","logId":176,"row":1,"reason":"invalid_phone_format:invalid_length","msg":"ROW_SKIPPED"}
{"level":40,"time":"2026-02-05T15:46:56.899Z","logId":176,"row":2,"reason":"invalid_phone_format:invalid_length","msg":"ROW_SKIPPED"}
{"level":40,"time":"2026-02-05T15:46:56.899Z","logId":176,"row":3,"reason":"invalid_phone_format:invalid_length","msg":"ROW_SKIPPED"}
{"level":30,"time":"2026-02-05T15:46:56.899Z","logId":176,"success":0,"pending":0,"fail":0,"skipped":3,"msg":"CSV_SUMMARY"}
{"level":30,"time":"2026-02-05T15:46:56.899Z","logId":176,"reg":{"success":0,"pending":0,"fail":0,"skipped":3},"msg":"JOB_DONE"}
{"level":30,"time":"2026-02-05T15:47:56.904Z","logId":176,"reason":"interval","csvPath":"D:\\React_Native\\Demo\\ResAuto1_register_only\\users.csv","csvExists":true,"csvSize":208,"csvMtimeMs":1770305800038.26,"msg":"JOB_START"}
{"level":40,"time":"2026-02-05T15:47:56.904Z","logId":176,"row":1,"reason":"invalid_phone_format:invalid_length","msg":"ROW_SKIPPED"}
{"level":40,"time":"2026-02-05T15:47:56.904Z","logId":176,"row":2,"reason":"invalid_phone_format:invalid_length","msg":"ROW_SKIPPED"}
{"level":40,"time":"2026-02-05T15:47:56.904Z","logId":176,"row":3,"reason":"invalid_phone_format:invalid_length","msg":"ROW_SKIPPED"}
{"level":30,"time":"2026-02-05T15:47:56.904Z","logId":176,"success":0,"pending":0,"fail":0,"skipped":3,"msg":"CSV_SUMMARY"}
{"level":30,"time":"2026-02-05T15:47:56.904Z","logId":176,"reg":{"success":0,"pending":0,"fail":0,"skipped":3},"msg":"JOB_DONE"}
{"level":30,"time":"2026-02-05T15:48:56.921Z","logId":176,"reason":"interval","csvPath":"D:\\React_Native\\Demo\\ResAuto1_register_only\\users.csv","csvExists":true,"csvSize":208,"csvMtimeMs":1770305800038.26,"msg":"JOB_START"}
{"level":40,"time":"2026-02-05T15:48:56.922Z","logId":176,"row":1,"reason":"invalid_phone_format:invalid_length","msg":"ROW_SKIPPED"}
{"level":40,"time":"2026-02-05T15:48:56.922Z","logId":176,"row":2,"reason":"invalid_phone_format:invalid_length","msg":"ROW_SKIPPED"}
{"level":40,"time":"2026-02-05T15:48:56.922Z","logId":176,"row":3,"reason":"invalid_phone_format:invalid_length","msg":"ROW_SKIPPED"}
{"level":30,"time":"2026-02-05T15:48:56.922Z","logId":176,"success":0,"pending":0,"fail":0,"skipped":3,"msg":"CSV_SUMMARY"}
{"level":30,"time":"2026-02-05T15:48:56.922Z","logId":176,"reg":{"success":0,"pending":0,"fail":0,"skipped":3},"msg":"JOB_DONE"}
{"level":30,"time":"2026-02-05T15:49:56.926Z","logId":176,"reason":"interval","csvPath":"D:\\React_Native\\Demo\\ResAuto1_register_only\\users.csv","csvExists":true,"csvSize":208,"csvMtimeMs":1770305800038.26,"msg":"JOB_START"}
{"level":40,"time":"2026-02-05T15:49:56.927Z","logId":176,"row":1,"reason":"invalid_phone_format:invalid_length","msg":"ROW_SKIPPED"}
{"level":40,"time":"2026-02-05T15:49:56.927Z","logId":176,"row":2,"reason":"invalid_phone_format:invalid_length","msg":"ROW_SKIPPED"}
{"level":40,"time":"2026-02-05T15:49:56.927Z","logId":176,"row":3,"reason":"invalid_phone_format:invalid_length","msg":"ROW_SKIPPED"}
{"level":30,"time":"2026-02-05T15:49:56.927Z","logId":176,"success":0,"pending":0,"fail":0,"skipped":3,"msg":"CSV_SUMMARY"}
{"level":30,"time":"2026-02-05T15:49:56.927Z","logId":176,"reg":{"success":0,"pending":0,"fail":0,"skipped":3},"msg":"JOB_DONE"}
{"level":30,"time":"2026-02-05T15:50:56.928Z","logId":176,"reason":"interval","csvPath":"D:\\React_Native\\Demo\\ResAuto1_register_only\\users.csv","csvExists":true,"csvSize":208,"csvMtimeMs":1770305800038.26,"msg":"JOB_START"}
{"level":40,"time":"2026-02-05T15:50:56.928Z","logId":176,"row":1,"reason":"invalid_phone_format:invalid_length","msg":"ROW_SKIPPED"}
{"level":40,"time":"2026-02-05T15:50:56.928Z","logId":176,"row":2,"reason":"invalid_phone_format:invalid_length","msg":"ROW_SKIPPED"}
{"level":40,"time":"2026-02-05T15:50:56.928Z","logId":176,"row":3,"reason":"invalid_phone_format:invalid_length","msg":"ROW_SKIPPED"}
{"level":30,"time":"2026-02-05T15:50:56.928Z","logId":176,"success":0,"pending":0,"fail":0,"skipped":3,"msg":"CSV_SUMMARY"}
{"level":30,"time":"2026-02-05T15:50:56.928Z","logId":176,"reg":{"success":0,"pending":0,"fail":0,"skipped":3},"msg":"JOB_DONE"}
{"level":30,"time":"2026-02-05T15:51:56.929Z","logId":176,"reason":"interval","csvPath":"D:\\React_Native\\Demo\\ResAuto1_register_only\\users.csv","csvExists":true,"csvSize":208,"csvMtimeMs":1770305800038.26,"msg":"JOB_START"}
{"level":40,"time":"2026-02-05T15:51:56.929Z","logId":176,"row":1,"reason":"invalid_phone_format:invalid_length","msg":"ROW_SKIPPED"}
{"level":40,"time":"2026-02-05T15:51:56.929Z","logId":176,"row":2,"reason":"invalid_phone_format:invalid_length","msg":"ROW_SKIPPED"}
{"level":40,"time":"2026-02-05T15:51:56.929Z","logId":176,"row":3,"reason":"invalid_phone_format:invalid_length","msg":"ROW_SKIPPED"}
{"level":30,"time":"2026-02-05T15:51:56.929Z","logId":176,"success":0,"pending":0,"fail":0,"skipped":3,"msg":"CSV_SUMMARY"}
{"level":30,"time":"2026-02-05T15:51:56.929Z","logId":176,"reg":{"success":0,"pending":0,"fail":0,"skipped":3},"msg":"JOB_DONE"}
{"level":30,"time":"2026-02-05T15:52:56.927Z","logId":176,"reason":"interval","csvPath":"D:\\React_Native\\Demo\\ResAuto1_register_only\\users.csv","csvExists":true,"csvSize":208,"csvMtimeMs":1770305800038.26,"msg":"JOB_START"}
{"level":40,"time":"2026-02-05T15:52:56.927Z","logId":176,"row":1,"reason":"invalid_phone_format:invalid_length","msg":"ROW_SKIPPED"}
{"level":40,"time":"2026-02-05T15:52:56.927Z","logId":176,"row":2,"reason":"invalid_phone_format:invalid_length","msg":"ROW_SKIPPED"}
{"level":40,"time":"2026-02-05T15:52:56.927Z","logId":176,"row":3,"reason":"invalid_phone_format:invalid_length","msg":"ROW_SKIPPED"}
{"level":30,"time":"2026-02-05T15:52:56.927Z","logId":176,"success":0,"pending":0,"fail":0,"skipped":3,"msg":"CSV_SUMMARY"}
{"level":30,"time":"2026-02-05T15:52:56.927Z","logId":176,"reg":{"success":0,"pending":0,"fail":0,"skipped":3},"msg":"JOB_DONE"}
{"level":30,"time":"2026-02-05T15:53:56.944Z","logId":176,"reason":"interval","csvPath":"D:\\React_Native\\Demo\\ResAuto1_register_only\\users.csv","csvExists":true,"csvSize":208,"csvMtimeMs":1770305800038.26,"msg":"JOB_START"}
{"level":40,"time":"2026-02-05T15:53:56.945Z","logId":176,"row":1,"reason":"invalid_phone_format:invalid_length","msg":"ROW_SKIPPED"}
{"level":40,"time":"2026-02-05T15:53:56.945Z","logId":176,"row":2,"reason":"invalid_phone_format:invalid_length","msg":"ROW_SKIPPED"}
{"level":40,"time":"2026-02-05T15:53:56.945Z","logId":176,"row":3,"reason":"invalid_phone_format:invalid_length","msg":"ROW_SKIPPED"}
{"level":30,"time":"2026-02-05T15:53:56.945Z","logId":176,"success":0,"pending":0,"fail":0,"skipped":3,"msg":"CSV_SUMMARY"}
{"level":30,"time":"2026-02-05T15:53:56.945Z","logId":176,"reg":{"success":0,"pending":0,"fail":0,"skipped":3},"msg":"JOB_DONE"}
{"level":30,"time":"2026-02-05T15:54:56.939Z","logId":176,"reason":"interval","csvPath":"D:\\React_Native\\Demo\\ResAuto1_register_only\\users.csv","csvExists":true,"csvSize":208,"csvMtimeMs":1770305800038.26,"msg":"JOB_START"}
{"level":40,"time":"2026-02-05T15:54:56.940Z","logId":176,"row":1,"reason":"invalid_phone_format:invalid_length","msg":"ROW_SKIPPED"}
{"level":40,"time":"2026-02-05T15:54:56.940Z","logId":176,"row":2,"reason":"invalid_phone_format:invalid_length","msg":"ROW_SKIPPED"}
{"level":40,"time":"2026-02-05T15:54:56.940Z","logId":176,"row":3,"reason":"invalid_phone_format:invalid_length","msg":"ROW_SKIPPED"}
{"level":30,"time":"2026-02-05T15:54:56.940Z","logId":176,"success":0,"pending":0,"fail":0,"skipped":3,"msg":"CSV_SUMMARY"}
{"level":30,"time":"2026-02-05T15:54:56.940Z","logId":176,"reg":{"success":0,"pending":0,"fail":0,"skipped":3},"msg":"JOB_DONE"}
{"level":30,"time":"2026-02-05T15:55:56.949Z","logId":176,"reason":"interval","csvPath":"D:\\React_Native\\Demo\\ResAuto1_register_only\\users.csv","csvExists":true,"csvSize":208,"csvMtimeMs":1770305800038.26,"msg":"JOB_START"}
{"level":40,"time":"2026-02-05T15:55:56.949Z","logId":176,"row":1,"reason":"invalid_phone_format:invalid_length","msg":"ROW_SKIPPED"}
{"level":40,"time":"2026-02-05T15:55:56.949Z","logId":176,"row":2,"reason":"invalid_phone_format:invalid_length","msg":"ROW_SKIPPED"}
{"level":40,"time":"2026-02-05T15:55:56.949Z","logId":176,"row":3,"reason":"invalid_phone_format:invalid_length","msg":"ROW_SKIPPED"}
{"level":30,"time":"2026-02-05T15:55:56.949Z","logId":176,"success":0,"pending":0,"fail":0,"skipped":3,"msg":"CSV_SUMMARY"}
{"level":30,"time":"2026-02-05T15:55:56.949Z","logId":176,"reg":{"success":0,"pending":0,"fail":0,"skipped":3},"msg":"JOB_DONE"}
{"level":30,"time":"2026-02-05T15:56:56.947Z","logId":176,"reason":"interval","csvPath":"D:\\React_Native\\Demo\\ResAuto1_register_only\\users.csv","csvExists":true,"csvSize":208,"csvMtimeMs":1770305800038.26,"msg":"JOB_START"}
{"level":40,"time":"2026-02-05T15:56:56.948Z","logId":176,"row":1,"reason":"invalid_phone_format:invalid_length","msg":"ROW_SKIPPED"}
{"level":40,"time":"2026-02-05T15:56:56.948Z","logId":176,"row":2,"reason":"invalid_phone_format:invalid_length","msg":"ROW_SKIPPED"}
{"level":40,"time":"2026-02-05T15:56:56.948Z","logId":176,"row":3,"reason":"invalid_phone_format:invalid_length","msg":"ROW_SKIPPED"}
{"level":30,"time":"2026-02-05T15:56:56.948Z","logId":176,"success":0,"pending":0,"fail":0,"skipped":3,"msg":"CSV_SUMMARY"}
{"level":30,"time":"2026-02-05T15:56:56.948Z","logId":176,"reg":{"success":0,"pending":0,"fail":0,"skipped":3},"msg":"JOB_DONE"}
{"level":30,"time":"2026-02-05T15:57:56.960Z","logId":176,"reason":"interval","csvPath":"D:\\React_Native\\Demo\\ResAuto1_register_only\\users.csv","csvExists":true,"csvSize":208,"csvMtimeMs":1770305800038.26,"msg":"JOB_START"}
{"level":40,"time":"2026-02-05T15:57:56.961Z","logId":176,"row":1,"reason":"invalid_phone_format:invalid_length","msg":"ROW_SKIPPED"}
{"level":40,"time":"2026-02-05T15:57:56.961Z","logId":176,"row":2,"reason":"invalid_phone_format:invalid_length","msg":"ROW_SKIPPED"}
{"level":40,"time":"2026-02-05T15:57:56.961Z","logId":176,"row":3,"reason":"invalid_phone_format:invalid_length","msg":"ROW_SKIPPED"}
{"level":30,"time":"2026-02-05T15:57:56.961Z","logId":176,"success":0,"pending":0,"fail":0,"skipped":3,"msg":"CSV_SUMMARY"}
{"level":30,"time":"2026-02-05T15:57:56.961Z","logId":176,"reg":{"success":0,"pending":0,"fail":0,"skipped":3},"msg":"JOB_DONE"}
{"level":30,"time":"2026-02-05T15:58:56.969Z","logId":176,"reason":"interval","csvPath":"D:\\React_Native\\Demo\\ResAuto1_register_only\\users.csv","csvExists":true,"csvSize":208,"csvMtimeMs":1770305800038.26,"msg":"JOB_START"}
{"level":40,"time":"2026-02-05T15:58:56.970Z","logId":176,"row":1,"reason":"invalid_phone_format:invalid_length","msg":"ROW_SKIPPED"}
{"level":40,"time":"2026-02-05T15:58:56.970Z","logId":176,"row":2,"reason":"invalid_phone_format:invalid_length","msg":"ROW_SKIPPED"}
{"level":40,"time":"2026-02-05T15:58:56.970Z","logId":176,"row":3,"reason":"invalid_phone_format:invalid_length","msg":"ROW_SKIPPED"}
{"level":30,"time":"2026-02-05T15:58:56.970Z","logId":176,"success":0,"pending":0,"fail":0,"skipped":3,"msg":"CSV_SUMMARY"}
{"level":30,"time":"2026-02-05T15:58:56.970Z","logId":176,"reg":{"success":0,"pending":0,"fail":0,"skipped":3},"msg":"JOB_DONE"}
